Using pre-set license
Built from '2021.3/staging' branch; Version is '2021.3.4f1 (cb45f9cae8b7) revision 13321721'; Using compiler version '192829333'; Build Type 'Release'
OS: 'Windows 10  (10.0.19043) 64bit Core' Language: 'ja' Physical Memory: 23983 MB
BatchMode: 1, IsHumanControllingUs: 0, StartBugReporterOnCrash: 0, Is64bit: 1, IsPro: 1

COMMAND LINE ARGUMENTS:
C:\Program Files\2021.3.4f1\Editor\Unity.exe
-adb2
-batchMode
-noUpm
-name
AssetImportWorker1
-projectPath
C:/Users/meran/Work/RebornVR
-logFile
Logs/AssetImportWorker1.log
-srvPort
64316
Successfully changed project path to: C:/Users/meran/Work/RebornVR
C:/Users/meran/Work/RebornVR
[UnityMemory] Configuration Parameters - Can be set up in boot.config
    "memorysetup-bucket-allocator-granularity=16"
    "memorysetup-bucket-allocator-bucket-count=8"
    "memorysetup-bucket-allocator-block-size=33554432"
    "memorysetup-bucket-allocator-block-count=8"
    "memorysetup-main-allocator-block-size=16777216"
    "memorysetup-thread-allocator-block-size=16777216"
    "memorysetup-gfx-main-allocator-block-size=16777216"
    "memorysetup-gfx-thread-allocator-block-size=16777216"
    "memorysetup-cache-allocator-block-size=4194304"
    "memorysetup-typetree-allocator-block-size=2097152"
    "memorysetup-profiler-bucket-allocator-granularity=16"
    "memorysetup-profiler-bucket-allocator-bucket-count=8"
    "memorysetup-profiler-bucket-allocator-block-size=33554432"
    "memorysetup-profiler-bucket-allocator-block-count=8"
    "memorysetup-profiler-allocator-block-size=16777216"
    "memorysetup-profiler-editor-allocator-block-size=1048576"
    "memorysetup-temp-allocator-size-main=16777216"
    "memorysetup-job-temp-allocator-block-size=2097152"
    "memorysetup-job-temp-allocator-block-size-background=1048576"
    "memorysetup-job-temp-allocator-reduction-small-platforms=262144"
    "memorysetup-temp-allocator-size-background-worker=32768"
    "memorysetup-temp-allocator-size-job-worker=262144"
    "memorysetup-temp-allocator-size-preload-manager=33554432"
    "memorysetup-temp-allocator-size-nav-mesh-worker=65536"
    "memorysetup-temp-allocator-size-audio-worker=65536"
    "memorysetup-temp-allocator-size-cloud-worker=32768"
    "memorysetup-temp-allocator-size-gi-baking-worker=262144"
    "memorysetup-temp-allocator-size-gfx=262144"
Refreshing native plugins compatible for Editor in 138.47 ms, found 6 plugins.
Preloading 1 native plugins for Editor in 0.78 ms.
Initialize engine version: 2021.3.4f1 (cb45f9cae8b7)
[Subsystems] Discovering subsystems at path C:/Program Files/2021.3.4f1/Editor/Data/Resources/UnitySubsystems
[Subsystems] Discovering subsystems at path C:/Users/meran/Work/RebornVR/Assets
GfxDevice: creating device client; threaded=0; jobified=0
Direct3D:
    Version:  Direct3D 11.0 [level 11.1]
    Renderer: NVIDIA GeForce GTX 1650 (ID=0x1f99)
    Vendor:   NVIDIA
    VRAM:     3962 MB
    Driver:   30.0.14.9649
Shader 'Oculus/OVRMRCameraFrameLit': fallback shader 'Alpha-Diffuse' not found
Initialize mono
Mono path[0] = 'C:/Program Files/2021.3.4f1/Editor/Data/Managed'
Mono path[1] = 'C:/Program Files/2021.3.4f1/Editor/Data/MonoBleedingEdge/lib/mono/unityjit-win32'
Mono config path = 'C:/Program Files/2021.3.4f1/Editor/Data/MonoBleedingEdge/etc'
Using monoOptions --debugger-agent=transport=dt_socket,embedding=1,server=y,suspend=n,address=127.0.0.1:56404
Begin MonoManager ReloadAssembly
Registering precompiled unity dll's ...
Register platform support module: C:/Program Files/2021.3.4f1/Editor/Data/PlaybackEngines/AndroidPlayer/UnityEditor.Android.Extensions.dll
Register platform support module: C:/Program Files/2021.3.4f1/Editor/Data/PlaybackEngines/WindowsStandaloneSupport/UnityEditor.WindowsStandalone.Extensions.dll
Registered in 0.007352 seconds.
Native extension for WindowsStandalone target not found
Native extension for Android target not found
Refreshing native plugins compatible for Editor in 132.53 ms, found 6 plugins.
Preloading 1 native plugins for Editor in 0.20 ms.
Mono: successfully reloaded assembly
- Completed reload, in  0.765 seconds
Domain Reload Profiling:
	ReloadAssembly (766ms)
		BeginReloadAssembly (84ms)
			ExecutionOrderSort (0ms)
			DisableScriptedObjects (0ms)
			BackupInstance (0ms)
			ReleaseScriptingObjects (0ms)
			CreateAndSetChildDomain (1ms)
		EndReloadAssembly (560ms)
			LoadAssemblies (81ms)
			RebuildTransferFunctionScriptingTraits (0ms)
			SetupTypeCache (113ms)
			ReleaseScriptCaches (0ms)
			RebuildScriptCaches (33ms)
			SetupLoadedEditorAssemblies (356ms)
				LogAssemblyErrors (0ms)
				InitializePlatformSupportModulesInManaged (65ms)
				SetLoadedEditorAssemblies (0ms)
				RefreshPlugins (133ms)
				BeforeProcessingInitializeOnLoad (2ms)
				ProcessInitializeOnLoadAttributes (107ms)
				ProcessInitializeOnLoadMethodAttributes (49ms)
				AfterProcessingInitializeOnLoad (0ms)
				EditorAssembliesLoaded (0ms)
			ExecutionOrderSort2 (0ms)
			AwakeInstancesAfterBackupRestoration (0ms)
Platform modules already initialized, skipping
Registering precompiled user dll's ...
Registered in 0.009569 seconds.
Begin MonoManager ReloadAssembly
Symbol file LoadedFromMemory doesn't match image C:\Users\meran\Work\RebornVR\Library\PackageCache\com.unity.visualscripting@1.7.8\Editor\VisualScripting.Core\Dependencies\YamlDotNet\Unity.VisualScripting.YamlDotNet.dll
Symbol file LoadedFromMemory doesn't match image C:\Users\meran\Work\RebornVR\Library\PackageCache\com.unity.visualscripting@1.7.8\Editor\VisualScripting.Core\Dependencies\DotNetZip\Unity.VisualScripting.IonicZip.dll
Native extension for WindowsStandalone target not found
Native extension for Android target not found
Refreshing native plugins compatible for Editor in 162.97 ms, found 6 plugins.
Preloading 1 native plugins for Editor in 0.15 ms.
Mono: successfully reloaded assembly
- Completed reload, in  1.672 seconds
Domain Reload Profiling:
	ReloadAssembly (1673ms)
		BeginReloadAssembly (251ms)
			ExecutionOrderSort (0ms)
			DisableScriptedObjects (6ms)
			BackupInstance (0ms)
			ReleaseScriptingObjects (0ms)
			CreateAndSetChildDomain (138ms)
		EndReloadAssembly (1280ms)
			LoadAssemblies (135ms)
			RebuildTransferFunctionScriptingTraits (0ms)
			SetupTypeCache (314ms)
			ReleaseScriptCaches (1ms)
			RebuildScriptCaches (86ms)
			SetupLoadedEditorAssemblies (684ms)
				LogAssemblyErrors (0ms)
				InitializePlatformSupportModulesInManaged (26ms)
				SetLoadedEditorAssemblies (1ms)
				RefreshPlugins (163ms)
				BeforeProcessingInitializeOnLoad (130ms)
				ProcessInitializeOnLoadAttributes (325ms)
				ProcessInitializeOnLoadMethodAttributes (30ms)
				AfterProcessingInitializeOnLoad (10ms)
				EditorAssembliesLoaded (0ms)
			ExecutionOrderSort2 (0ms)
			AwakeInstancesAfterBackupRestoration (6ms)
Platform modules already initialized, skipping
========================================================================
Worker process is ready to serve import requests
Shader 'Oculus/OVRMRCameraFrameLit': fallback shader 'Alpha-Diffuse' not found
Launched and connected shader compiler UnityShaderCompiler.exe after 0.07 seconds
Refreshing native plugins compatible for Editor in 1.90 ms, found 6 plugins.
Preloading 1 native plugins for Editor in 0.20 ms.
Unloading 4993 Unused Serialized files (Serialized files now loaded: 0)
Unloading 51 unused Assets / (188.8 KB). Loaded Objects now: 5432.
Memory consumption went from 177.5 MB to 177.3 MB.
Total: 5.883000 ms (FindLiveObjects: 0.917500 ms CreateObjectMapping: 0.437800 ms MarkObjects: 4.294200 ms  DeleteObjects: 0.232000 ms)

AssetImportParameters requested are different than current active one (requested -> active):
  custom:video-decoder-ogg-theora: a1e56fd34408186e4bbccfd4996cb3dc -> 
  custom:container-muxer-webm: aa71ff27fc2769a1b78a27578f13a17b -> 
  custom:container-demuxer-webm: 4f35f7cbe854078d1ac9338744f61a02 -> 
  custom:video-encoder-webm-vp8: eb34c28f22e8b96e1ab97ce403110664 -> 
  custom:video-codec-MediaFoundation-h265: 746d11721c4dcdbdad8f713fa42b33f4 -> 
  custom:audio-encoder-webm-vorbis: bf7c407c2cedff20999df2af8eb42d56 -> 
  custom:framework-win-MediaFoundation: 216162199b28c13a410421893ffa2e32 -> 
  custom:container-demuxer-ogg: 62fdf1f143b41e24485cea50d1cbac27 -> 
  custom:video-decoder-webm-vp8: 9c59270c3fd7afecdb556c50c9e8de78 -> 
  custom:audio-decoder-ogg-vorbis: bf7c407c2cedff20999df2af8eb42d56 -> 
========================================================================
Received Prepare
Registering precompiled user dll's ...
Registered in 0.009521 seconds.
Begin MonoManager ReloadAssembly
Symbol file LoadedFromMemory doesn't match image C:\Users\meran\Work\RebornVR\Library\PackageCache\com.unity.visualscripting@1.7.8\Editor\VisualScripting.Core\Dependencies\YamlDotNet\Unity.VisualScripting.YamlDotNet.dll
Symbol file LoadedFromMemory doesn't match image C:\Users\meran\Work\RebornVR\Library\PackageCache\com.unity.visualscripting@1.7.8\Editor\VisualScripting.Core\Dependencies\DotNetZip\Unity.VisualScripting.IonicZip.dll
Native extension for WindowsStandalone target not found
Native extension for Android target not found
Refreshing native plugins compatible for Editor in 2.52 ms, found 6 plugins.
Preloading 1 native plugins for Editor in 0.18 ms.
Mono: successfully reloaded assembly
- Completed reload, in  1.621 seconds
Domain Reload Profiling:
	ReloadAssembly (1623ms)
		BeginReloadAssembly (324ms)
			ExecutionOrderSort (0ms)
			DisableScriptedObjects (15ms)
			BackupInstance (0ms)
			ReleaseScriptingObjects (0ms)
			CreateAndSetChildDomain (117ms)
		EndReloadAssembly (1145ms)
			LoadAssemblies (174ms)
			RebuildTransferFunctionScriptingTraits (0ms)
			SetupTypeCache (395ms)
			ReleaseScriptCaches (2ms)
			RebuildScriptCaches (66ms)
			SetupLoadedEditorAssemblies (471ms)
				LogAssemblyErrors (0ms)
				InitializePlatformSupportModulesInManaged (31ms)
				SetLoadedEditorAssemblies (1ms)
				RefreshPlugins (3ms)
				BeforeProcessingInitializeOnLoad (105ms)
				ProcessInitializeOnLoadAttributes (273ms)
				ProcessInitializeOnLoadMethodAttributes (44ms)
				AfterProcessingInitializeOnLoad (13ms)
				EditorAssembliesLoaded (0ms)
			ExecutionOrderSort2 (0ms)
			AwakeInstancesAfterBackupRestoration (6ms)
Platform modules already initialized, skipping
Shader 'Oculus/OVRMRCameraFrameLit': fallback shader 'Alpha-Diffuse' not found
Refreshing native plugins compatible for Editor in 7.47 ms, found 6 plugins.
Preloading 1 native plugins for Editor in 0.10 ms.
Unloading 4911 Unused Serialized files (Serialized files now loaded: 0)
Unloading 45 unused Assets / (181.0 KB). Loaded Objects now: 5435.
Memory consumption went from 169.8 MB to 169.6 MB.
Total: 5.053800 ms (FindLiveObjects: 0.490700 ms CreateObjectMapping: 0.153000 ms MarkObjects: 4.001400 ms  DeleteObjects: 0.406100 ms)

AssetImportParameters requested are different than current active one (requested -> active):
  custom:video-decoder-ogg-theora: a1e56fd34408186e4bbccfd4996cb3dc -> 
  custom:container-muxer-webm: aa71ff27fc2769a1b78a27578f13a17b -> 
  custom:container-demuxer-webm: 4f35f7cbe854078d1ac9338744f61a02 -> 
  custom:video-encoder-webm-vp8: eb34c28f22e8b96e1ab97ce403110664 -> 
  custom:video-codec-MediaFoundation-h265: 746d11721c4dcdbdad8f713fa42b33f4 -> 
  custom:audio-encoder-webm-vorbis: bf7c407c2cedff20999df2af8eb42d56 -> 
  custom:framework-win-MediaFoundation: 216162199b28c13a410421893ffa2e32 -> 
  custom:container-demuxer-ogg: 62fdf1f143b41e24485cea50d1cbac27 -> 
  custom:video-decoder-webm-vp8: 9c59270c3fd7afecdb556c50c9e8de78 -> 
  custom:audio-decoder-ogg-vorbis: bf7c407c2cedff20999df2af8eb42d56 -> 
========================================================================
Received Import Request.
  Time since last request: 355122.698241 seconds.
  path: Assets/UniGLTF/Tests/UniGLTF/4x4_gray_import_as_normal_map.png
  artifactKey: Guid(b5d17df8d14f2324692a7c69f24cf658) Importer(815301076,1909f56bfc062723c751e8b465ee728b)
Start importing Assets/UniGLTF/Tests/UniGLTF/4x4_gray_import_as_normal_map.png using Guid(b5d17df8d14f2324692a7c69f24cf658) Importer(815301076,1909f56bfc062723c751e8b465ee728b)  -> (artifact id: 'ffa3bcdfe20a604007d83880833cbfce') in 0.348257 seconds 
========================================================================
Received Import Request.
  Time since last request: 0.000059 seconds.
  path: Assets/VRMShaders/GLTF/IO/Tests/4x4_non_readable.png
  artifactKey: Guid(82e462ede66d6d0488b5be50747cbad9) Importer(815301076,1909f56bfc062723c751e8b465ee728b)
Start importing Assets/VRMShaders/GLTF/IO/Tests/4x4_non_readable.png using Guid(82e462ede66d6d0488b5be50747cbad9) Importer(815301076,1909f56bfc062723c751e8b465ee728b)  -> (artifact id: 'dedc5518626dcd3f300da0ff8ccf45b4') in 0.031019 seconds 
========================================================================
Received Import Request.
  Time since last request: 0.000040 seconds.
  path: Assets/VRMShaders/GLTF/IO/Tests/4x4_non_readable_compressed.DDS
  artifactKey: Guid(e1e26504b87027940bfbd21ea1327ff6) Importer(815301076,1909f56bfc062723c751e8b465ee728b)
Start importing Assets/VRMShaders/GLTF/IO/Tests/4x4_non_readable_compressed.DDS using Guid(e1e26504b87027940bfbd21ea1327ff6) Importer(815301076,1909f56bfc062723c751e8b465ee728b)  -> (artifact id: '17dbb7e45c7db7cec7e72bd58f069dd7') in 0.034683 seconds 
========================================================================
Received Import Request.
  Time since last request: 16.192425 seconds.
  path: Assets/Oculus/SampleFramework/Usage/SharedAssets/Textures/block_wood_01_dif.png
  artifactKey: Guid(4281f5429a5bbd04da4ccfce25a814d3) Importer(815301076,1909f56bfc062723c751e8b465ee728b)
Start importing Assets/Oculus/SampleFramework/Usage/SharedAssets/Textures/block_wood_01_dif.png using Guid(4281f5429a5bbd04da4ccfce25a814d3) Importer(815301076,1909f56bfc062723c751e8b465ee728b)  -> (artifact id: '94a1f6a239bb84f5f3e1a0464cbd73b1') in 0.034616 seconds 
========================================================================
Received Import Request.
  Time since last request: 0.051053 seconds.
  path: Assets/Oculus/SampleFramework/Usage/SharedAssets/Textures/block_wood_01_nml.png
  artifactKey: Guid(8ae0377f4bf34c04d803e6bbeb1c3077) Importer(815301076,1909f56bfc062723c751e8b465ee728b)
Start importing Assets/Oculus/SampleFramework/Usage/SharedAssets/Textures/block_wood_01_nml.png using Guid(8ae0377f4bf34c04d803e6bbeb1c3077) Importer(815301076,1909f56bfc062723c751e8b465ee728b)  -> (artifact id: '61dd9c78ecda6fe3f51ac544b124b032') in 0.035557 seconds 
========================================================================
Received Import Request.
  Time since last request: 4.926438 seconds.
  path: Assets/Oculus/SampleFramework/Core/DebugUI/Textures/button.png
  artifactKey: Guid(749615b78f067c442b8275980b7ed7c8) Importer(815301076,1909f56bfc062723c751e8b465ee728b)
Start importing Assets/Oculus/SampleFramework/Core/DebugUI/Textures/button.png using Guid(749615b78f067c442b8275980b7ed7c8) Importer(815301076,1909f56bfc062723c751e8b465ee728b)  -> (artifact id: '83eeda7c73b36966af259956750aed90') in 0.066218 seconds 
========================================================================
Received Import Request.
  Time since last request: 0.276761 seconds.
  path: Assets/Oculus/LipSync/Models/RobotHead_TextureFlip/CH.png
  artifactKey: Guid(5e6531e8f56b42547b8d2ddf7a7363d1) Importer(815301076,1909f56bfc062723c751e8b465ee728b)
Start importing Assets/Oculus/LipSync/Models/RobotHead_TextureFlip/CH.png using Guid(5e6531e8f56b42547b8d2ddf7a7363d1) Importer(815301076,1909f56bfc062723c751e8b465ee728b)  -> (artifact id: '9be02feb18e872ffee2fe2d2ae1fe308') in 0.027819 seconds 
========================================================================
Received Import Request.
  Time since last request: 0.047839 seconds.
  path: Assets/Oculus/Interaction/Samples/ThirdParty/Textures/ComprehensiveGrabMapTexture.png
  artifactKey: Guid(1b30196ca66ece04f80c3809a3133644) Importer(815301076,1909f56bfc062723c751e8b465ee728b)
Start importing Assets/Oculus/Interaction/Samples/ThirdParty/Textures/ComprehensiveGrabMapTexture.png using Guid(1b30196ca66ece04f80c3809a3133644) Importer(815301076,1909f56bfc062723c751e8b465ee728b)  -> (artifact id: 'e4dce22f09598494395aa260e0357baa') in 0.179508 seconds 
========================================================================
Received Import Request.
  Time since last request: 0.000034 seconds.
  path: Assets/Oculus/SampleFramework/Usage/Passthrough/Materials/EdgeGlow.tga
  artifactKey: Guid(fb7fa0fc41f43754b862769848783352) Importer(815301076,1909f56bfc062723c751e8b465ee728b)
Start importing Assets/Oculus/SampleFramework/Usage/Passthrough/Materials/EdgeGlow.tga using Guid(fb7fa0fc41f43754b862769848783352) Importer(815301076,1909f56bfc062723c751e8b465ee728b)  -> (artifact id: '00bd6159a153b28c0dcd3a465fe7789f') in 0.040538 seconds 
========================================================================
Received Import Request.
  Time since last request: 0.000046 seconds.
  path: Assets/Oculus/SampleFramework/Usage/HandsTrainExample/Textures/ControllerBoxTextures/controller_plain_Normal.png
  artifactKey: Guid(7f8077361e7b21249addda6af5112431) Importer(815301076,1909f56bfc062723c751e8b465ee728b)
Start importing Assets/Oculus/SampleFramework/Usage/HandsTrainExample/Textures/ControllerBoxTextures/controller_plain_Normal.png using Guid(7f8077361e7b21249addda6af5112431) Importer(815301076,1909f56bfc062723c751e8b465ee728b)  -> (artifact id: 'e20852eb03824ffce7051c196ccd09b8') in 0.031864 seconds 
========================================================================
Received Import Request.
  Time since last request: 0.000026 seconds.
  path: Assets/Oculus/LipSync/Models/RobotHead_TextureFlip/DD.png
  artifactKey: Guid(ffbd7db31d3ad6e4a97a2f312babdcb6) Importer(815301076,1909f56bfc062723c751e8b465ee728b)
Start importing Assets/Oculus/LipSync/Models/RobotHead_TextureFlip/DD.png using Guid(ffbd7db31d3ad6e4a97a2f312babdcb6) Importer(815301076,1909f56bfc062723c751e8b465ee728b)  -> (artifact id: '49a67e285b38e49b8dc9bdebf3ac5a30') in 0.031445 seconds 
========================================================================
Received Import Request.
  Time since last request: 0.000026 seconds.
  path: Assets/Oculus/SampleFramework/Usage/Locomotion/Textures/floor_tile_01_dif.png
  artifactKey: Guid(b1e192ef5397548b28e9549ba9e04a14) Importer(815301076,1909f56bfc062723c751e8b465ee728b)
Start importing Assets/Oculus/SampleFramework/Usage/Locomotion/Textures/floor_tile_01_dif.png using Guid(b1e192ef5397548b28e9549ba9e04a14) Importer(815301076,1909f56bfc062723c751e8b465ee728b)  -> (artifact id: '51a4bee02a38220084ae3a62113f0f5b') in 0.035398 seconds 
========================================================================
Received Import Request.
  Time since last request: 0.000029 seconds.
  path: Assets/Oculus/SampleFramework/Usage/Locomotion/Textures/floor_wood_02_dif.png
  artifactKey: Guid(b7600ae2b00af42b3b06a37401929b21) Importer(815301076,1909f56bfc062723c751e8b465ee728b)
Start importing Assets/Oculus/SampleFramework/Usage/Locomotion/Textures/floor_wood_02_dif.png using Guid(b7600ae2b00af42b3b06a37401929b21) Importer(815301076,1909f56bfc062723c751e8b465ee728b)  -> (artifact id: 'ed0118727b161cf1f9237703a28588e0') in 0.034976 seconds 
========================================================================
Received Import Request.
  Time since last request: 0.000026 seconds.
  path: Assets/Oculus/SampleFramework/Usage/Locomotion/Textures/floor_tile_01_msm.png
  artifactKey: Guid(f9e3086c956ea4e31b9a07c5d9897182) Importer(815301076,1909f56bfc062723c751e8b465ee728b)
Start importing Assets/Oculus/SampleFramework/Usage/Locomotion/Textures/floor_tile_01_msm.png using Guid(f9e3086c956ea4e31b9a07c5d9897182) Importer(815301076,1909f56bfc062723c751e8b465ee728b)  -> (artifact id: 'c4582cd2968159752fd76273725660bc') in 0.033781 seconds 
========================================================================
Received Import Request.
  Time since last request: 0.000030 seconds.
  path: Assets/Oculus/SampleFramework/Usage/Locomotion/Textures/floor_wood_02_nml.png
  artifactKey: Guid(67017b977ca8e4564bb2e427adc76f21) Importer(815301076,1909f56bfc062723c751e8b465ee728b)
Start importing Assets/Oculus/SampleFramework/Usage/Locomotion/Textures/floor_wood_02_nml.png using Guid(67017b977ca8e4564bb2e427adc76f21) Importer(815301076,1909f56bfc062723c751e8b465ee728b)  -> (artifact id: '47ffac7df1a5b57d7f7189b6c6513a44') in 0.039682 seconds 
========================================================================
Received Import Request.
  Time since last request: 0.000040 seconds.
  path: Assets/Oculus/Interaction/Samples/Objects/Environment/Room/Textures/FabricTiling.png
  artifactKey: Guid(d907eae360fb79e428e1436145e6ddce) Importer(815301076,1909f56bfc062723c751e8b465ee728b)
Start importing Assets/Oculus/Interaction/Samples/Objects/Environment/Room/Textures/FabricTiling.png using Guid(d907eae360fb79e428e1436145e6ddce) Importer(815301076,1909f56bfc062723c751e8b465ee728b)  -> (artifact id: '29e1b6cd6426b59456aaabdb0f4b006b') in 0.029525 seconds 
========================================================================
Received Import Request.
  Time since last request: 0.000025 seconds.
  path: Assets/Oculus/Interaction/Samples/Objects/Environment/Room/Textures/floorDiffuse.png
  artifactKey: Guid(246909cf9f5e8fc498a001f5c1a73a5e) Importer(815301076,1909f56bfc062723c751e8b465ee728b)
Start importing Assets/Oculus/Interaction/Samples/Objects/Environment/Room/Textures/floorDiffuse.png using Guid(246909cf9f5e8fc498a001f5c1a73a5e) Importer(815301076,1909f56bfc062723c751e8b465ee728b)  -> (artifact id: '50c69d4e46a84908448955c1b89408ff') in 0.032425 seconds 
========================================================================
Received Import Request.
  Time since last request: 0.000041 seconds.
  path: Assets/rui_avatar.Textures/F00_000_Hair_00_01.png
  artifactKey: Guid(6c5616311d2020847993fc43cef4c51f) Importer(815301076,1909f56bfc062723c751e8b465ee728b)
Start importing Assets/rui_avatar.Textures/F00_000_Hair_00_01.png using Guid(6c5616311d2020847993fc43cef4c51f) Importer(815301076,1909f56bfc062723c751e8b465ee728b)  -> (artifact id: '4bcb083912ba76e25d4fe9d0ebd6dce6') in 0.028997 seconds 
========================================================================
Received Import Request.
  Time since last request: 0.000026 seconds.
  path: Assets/Oculus/Spatializer/scenes/Standard Assets/Character Controllers/Sources/PrototypeCharacter/Textures/constructor_diffuse.png
  artifactKey: Guid(97b050d43ac7c4d2b9f6cbb587650761) Importer(815301076,1909f56bfc062723c751e8b465ee728b)
Start importing Assets/Oculus/Spatializer/scenes/Standard Assets/Character Controllers/Sources/PrototypeCharacter/Textures/constructor_diffuse.png using Guid(97b050d43ac7c4d2b9f6cbb587650761) Importer(815301076,1909f56bfc062723c751e8b465ee728b)  -> (artifact id: '6673180e75fd6e626e027bbde2610be7') in 0.029378 seconds 
========================================================================
Received Import Request.
  Time since last request: 0.000026 seconds.
  path: Assets/Oculus/SampleFramework/Usage/SharedAssets/Textures/CubeTex.png
  artifactKey: Guid(3e3e0ea18d891114cb286c873e03af91) Importer(815301076,1909f56bfc062723c751e8b465ee728b)
Start importing Assets/Oculus/SampleFramework/Usage/SharedAssets/Textures/CubeTex.png using Guid(3e3e0ea18d891114cb286c873e03af91) Importer(815301076,1909f56bfc062723c751e8b465ee728b)  -> (artifact id: '1382d559cea576f01ce1b82b132dfe20') in 0.027719 seconds 
========================================================================
Received Import Request.
  Time since last request: 0.000032 seconds.
  path: Assets/Oculus/SampleFramework/Core/DebugUI/Fonts/Montserrat/Montserrat-Medium.ttf
  artifactKey: Guid(6921a454aa104cf47a67f59c64acaa17) Importer(815301076,1909f56bfc062723c751e8b465ee728b)
Start importing Assets/Oculus/SampleFramework/Core/DebugUI/Fonts/Montserrat/Montserrat-Medium.ttf using Guid(6921a454aa104cf47a67f59c64acaa17) Importer(815301076,1909f56bfc062723c751e8b465ee728b)  -> (artifact id: 'f3085cb0d55212e210d5b30217330c04') in 0.075423 seconds 
